Start testing: Sep 07 17:18 CST
----------------------------------------------------------
1/39 Testing: compile with bug-checkers
1/39 Test: compile with bug-checkers
Command: "/usr/bin/cmake" "--build" "/home/cat/exing/CS144/minnow/build" "-t" "functionality_testing" "webget"
Directory: /home/cat/exing/CS144/minnow/build
"compile with bug-checkers" start time: Sep 07 17:18 CST
Output:
----------------------------------------------------------
[  8%] [32mBuilding CXX object src/CMakeFiles/minnow_sanitized.dir/byte_stream.cc.o[0m
[  8%] Built target minnow_debug
[ 12%] Built target minnow_testing_debug
[ 14%] [32mBuilding CXX object tests/CMakeFiles/minnow_testing_sanitized.dir/common.cc.o[0m
[ 16%] [32mBuilding CXX object src/CMakeFiles/minnow_sanitized.dir/byte_stream_helpers.cc.o[0m
[ 32%] Built target util_debug
[ 34%] [32mBuilding CXX object util/CMakeFiles/util_sanitized.dir/address.cc.o[0m
[ 36%] [32mBuilding CXX object util/CMakeFiles/util_sanitized.dir/eventloop.cc.o[0m
[ 38%] [32mBuilding CXX object tests/CMakeFiles/byte_stream_stress_test.dir/byte_stream_stress_test.cc.o[0m
[ 42%] [32mBuilding CXX object tests/CMakeFiles/byte_stream_basics.dir/byte_stream_basics.cc.o[0m
[ 42%] [32mBuilding CXX object util/CMakeFiles/util_sanitized.dir/file_descriptor.cc.o[0m
[ 44%] [32mBuilding CXX object tests/CMakeFiles/byte_stream_one_write.dir/byte_stream_one_write.cc.o[0m
[ 46%] [32mBuilding CXX object tests/CMakeFiles/byte_stream_many_writes.dir/byte_stream_many_writes.cc.o[0m
[ 48%] [32mBuilding CXX object tests/CMakeFiles/byte_stream_capacity.dir/byte_stream_capacity.cc.o[0m
[ 50%] [32mBuilding CXX object tests/CMakeFiles/byte_stream_two_writes.dir/byte_stream_two_writes.cc.o[0m
[ 52%] [32mBuilding CXX object util/CMakeFiles/util_sanitized.dir/ipv4_header.cc.o[0m
[ 54%] [32m[1mLinking CXX static library libminnow_sanitized.a[0m
[ 54%] Built target minnow_sanitized
[ 56%] [32mBuilding CXX object util/CMakeFiles/util_sanitized.dir/random.cc.o[0m
[ 58%] [32m[1mLinking CXX executable byte_stream_basics[0m
[ 60%] [32m[1mLinking CXX executable byte_stream_two_writes[0m
[ 62%] [32mBuilding CXX object util/CMakeFiles/util_sanitized.dir/socket.cc.o[0m
[ 64%] [32m[1mLinking CXX static library libminnow_testing_sanitized.a[0m
[ 64%] Built target byte_stream_basics
[ 66%] [32mBuilding CXX object util/CMakeFiles/util_sanitized.dir/tun.cc.o[0m
[ 68%] [32m[1mLinking CXX executable byte_stream_one_write[0m
[ 68%] Built target minnow_testing_sanitized
[ 68%] Built target byte_stream_two_writes
[ 70%] [32m[1mLinking CXX executable byte_stream_capacity[0m
[ 70%] Built target byte_stream_one_write
[ 70%] Built target byte_stream_capacity
[ 72%] [32m[1mLinking CXX executable byte_stream_stress_test[0m
[ 74%] [32m[1mLinking CXX executable byte_stream_many_writes[0m
[ 74%] Built target byte_stream_stress_test
[ 74%] Built target byte_stream_many_writes
[ 76%] [32m[1mLinking CXX static library libutil_sanitized.a[0m
[ 76%] Built target util_sanitized
[ 78%] [32mBuilding CXX object tests/CMakeFiles/byte_stream_one_write_sanitized.dir/byte_stream_one_write.cc.o[0m
[ 80%] [32mBuilding CXX object tests/CMakeFiles/byte_stream_capacity_sanitized.dir/byte_stream_capacity.cc.o[0m
[ 82%] [32mBuilding CXX object tests/CMakeFiles/byte_stream_basics_sanitized.dir/byte_stream_basics.cc.o[0m
[ 84%] [32mBuilding CXX object tests/CMakeFiles/byte_stream_two_writes_sanitized.dir/byte_stream_two_writes.cc.o[0m
[ 86%] [32mBuilding CXX object tests/CMakeFiles/byte_stream_stress_test_sanitized.dir/byte_stream_stress_test.cc.o[0m
[ 88%] [32mBuilding CXX object tests/CMakeFiles/byte_stream_many_writes_sanitized.dir/byte_stream_many_writes.cc.o[0m
[ 90%] [32m[1mLinking CXX executable byte_stream_one_write_sanitized[0m
[ 92%] [32m[1mLinking CXX executable byte_stream_two_writes_sanitized[0m
[ 94%] [32m[1mLinking CXX executable byte_stream_stress_test_sanitized[0m
[ 94%] Built target byte_stream_one_write_sanitized
[ 94%] Built target byte_stream_two_writes_sanitized
[ 94%] Built target byte_stream_stress_test_sanitized
[ 96%] [32m[1mLinking CXX executable byte_stream_basics_sanitized[0m
[ 98%] [32m[1mLinking CXX executable byte_stream_many_writes_sanitized[0m
[ 98%] Built target byte_stream_basics_sanitized
[100%] [32m[1mLinking CXX executable byte_stream_capacity_sanitized[0m
[100%] Built target byte_stream_many_writes_sanitized
[100%] Built target byte_stream_capacity_sanitized
[100%] Built target functionality_testing
[ 20%] Built target minnow_debug
[ 33%] Built target stream_copy
[ 86%] Built target util_debug
[100%] Built target webget
<end of output>
Test time =   3.68 sec
----------------------------------------------------------
Test Passed.
"compile with bug-checkers" end time: Sep 07 17:18 CST
"compile with bug-checkers" time elapsed: 00:00:03
----------------------------------------------------------

2/39 Testing: t_webget
2/39 Test: t_webget
Command: "/home/cat/exing/CS144/minnow/tests/webget_t.sh" "/home/cat/exing/CS144/minnow/build"
Directory: /home/cat/exing/CS144/minnow/build
"t_webget" start time: Sep 07 17:18 CST
Output:
----------------------------------------------------------
HTTP/1.1 200 OK
Content-type: text/plain

7SmXqWkrLKzVBCEalbSPqBcvs11Pw263K7x4Wv3JckI
<end of output>
Test time =   1.25 sec
----------------------------------------------------------
Test Passed.
"t_webget" end time: Sep 07 17:18 CST
"t_webget" time elapsed: 00:00:01
----------------------------------------------------------

3/39 Testing: byte_stream_basics
3/39 Test: byte_stream_basics
Command: "/home/cat/exing/CS144/minnow/build/tests/byte_stream_basics_sanitized"
Directory: /home/cat/exing/CS144/minnow/build
"byte_stream_basics" start time: Sep 07 17:18 CST
Output:
----------------------------------------------------------
<end of output>
Test time =   0.01 sec
----------------------------------------------------------
Test Passed.
"byte_stream_basics" end time: Sep 07 17:18 CST
"byte_stream_basics" time elapsed: 00:00:00
----------------------------------------------------------

4/39 Testing: byte_stream_capacity
4/39 Test: byte_stream_capacity
Command: "/home/cat/exing/CS144/minnow/build/tests/byte_stream_capacity_sanitized"
Directory: /home/cat/exing/CS144/minnow/build
"byte_stream_capacity" start time: Sep 07 17:18 CST
Output:
----------------------------------------------------------
<end of output>
Test time =   0.01 sec
----------------------------------------------------------
Test Passed.
"byte_stream_capacity" end time: Sep 07 17:18 CST
"byte_stream_capacity" time elapsed: 00:00:00
----------------------------------------------------------

5/39 Testing: byte_stream_one_write
5/39 Test: byte_stream_one_write
Command: "/home/cat/exing/CS144/minnow/build/tests/byte_stream_one_write_sanitized"
Directory: /home/cat/exing/CS144/minnow/build
"byte_stream_one_write" start time: Sep 07 17:18 CST
Output:
----------------------------------------------------------
<end of output>
Test time =   0.01 sec
----------------------------------------------------------
Test Passed.
"byte_stream_one_write" end time: Sep 07 17:18 CST
"byte_stream_one_write" time elapsed: 00:00:00
----------------------------------------------------------

6/39 Testing: byte_stream_two_writes
6/39 Test: byte_stream_two_writes
Command: "/home/cat/exing/CS144/minnow/build/tests/byte_stream_two_writes_sanitized"
Directory: /home/cat/exing/CS144/minnow/build
"byte_stream_two_writes" start time: Sep 07 17:18 CST
Output:
----------------------------------------------------------
<end of output>
Test time =   0.01 sec
----------------------------------------------------------
Test Passed.
"byte_stream_two_writes" end time: Sep 07 17:18 CST
"byte_stream_two_writes" time elapsed: 00:00:00
----------------------------------------------------------

7/39 Testing: byte_stream_many_writes
7/39 Test: byte_stream_many_writes
Command: "/home/cat/exing/CS144/minnow/build/tests/byte_stream_many_writes_sanitized"
Directory: /home/cat/exing/CS144/minnow/build
"byte_stream_many_writes" start time: Sep 07 17:18 CST
Output:
----------------------------------------------------------
<end of output>
Test time =   0.04 sec
----------------------------------------------------------
Test Passed.
"byte_stream_many_writes" end time: Sep 07 17:18 CST
"byte_stream_many_writes" time elapsed: 00:00:00
----------------------------------------------------------

8/39 Testing: byte_stream_stress_test
8/39 Test: byte_stream_stress_test
Command: "/home/cat/exing/CS144/minnow/build/tests/byte_stream_stress_test_sanitized"
Directory: /home/cat/exing/CS144/minnow/build
"byte_stream_stress_test" start time: Sep 07 17:18 CST
Output:
----------------------------------------------------------
<end of output>
Test time =   0.26 sec
----------------------------------------------------------
Test Passed.
"byte_stream_stress_test" end time: Sep 07 17:18 CST
"byte_stream_stress_test" time elapsed: 00:00:00
----------------------------------------------------------

37/39 Testing: compile with optimization
37/39 Test: compile with optimization
Command: "/usr/bin/cmake" "--build" "/home/cat/exing/CS144/minnow/build" "-t" "speed_testing"
Directory: /home/cat/exing/CS144/minnow/build
"compile with optimization" start time: Sep 07 17:18 CST
Output:
----------------------------------------------------------
[  7%] [32mBuilding CXX object src/CMakeFiles/minnow_optimized.dir/byte_stream.cc.o[0m
[ 15%] [32mBuilding CXX object src/CMakeFiles/minnow_optimized.dir/byte_stream_helpers.cc.o[0m
[ 23%] [32mBuilding CXX object util/CMakeFiles/util_optimized.dir/address.cc.o[0m
[ 30%] [32mBuilding CXX object util/CMakeFiles/util_optimized.dir/eventloop.cc.o[0m
[ 38%] [32mBuilding CXX object util/CMakeFiles/util_optimized.dir/file_descriptor.cc.o[0m
[ 46%] [32mBuilding CXX object util/CMakeFiles/util_optimized.dir/ipv4_header.cc.o[0m
[ 61%] [32mBuilding CXX object util/CMakeFiles/util_optimized.dir/random.cc.o[0m
[ 61%] [32mBuilding CXX object util/CMakeFiles/util_optimized.dir/socket.cc.o[0m
[ 69%] [32mBuilding CXX object util/CMakeFiles/util_optimized.dir/tun.cc.o[0m
[ 76%] [32m[1mLinking CXX static library libminnow_optimized.a[0m
[ 76%] Built target minnow_optimized
[ 84%] [32m[1mLinking CXX static library libutil_optimized.a[0m
[ 84%] Built target util_optimized
[ 92%] [32mBuilding CXX object tests/CMakeFiles/byte_stream_speed_test.dir/byte_stream_speed_test.cc.o[0m
[100%] [32m[1mLinking CXX executable byte_stream_speed_test[0m
[100%] Built target byte_stream_speed_test
[100%] Built target speed_testing
<end of output>
Test time =   2.30 sec
----------------------------------------------------------
Test Passed.
"compile with optimization" end time: Sep 07 17:18 CST
"compile with optimization" time elapsed: 00:00:02
----------------------------------------------------------

38/39 Testing: byte_stream_speed_test
38/39 Test: byte_stream_speed_test
Command: "/home/cat/exing/CS144/minnow/build/tests/byte_stream_speed_test"
Directory: /home/cat/exing/CS144/minnow/build
"byte_stream_speed_test" start time: Sep 07 17:18 CST
Output:
----------------------------------------------------------
ByteStream with capacity=32768, write_size=1500, read_size=128 reached 0.61 Gbit/s.
<end of output>
Test time =   0.19 sec
----------------------------------------------------------
Test Passed.
"byte_stream_speed_test" end time: Sep 07 17:18 CST
"byte_stream_speed_test" time elapsed: 00:00:00
----------------------------------------------------------

End testing: Sep 07 17:18 CST
